<?xml version="1.0" encoding="UTF-8"?>
<coverage generated="1715137329961" clover="3.2.0">
  <project timestamp="1715137329961" name="All files">
    <metrics statements="29" coveredstatements="29" conditionals="9" coveredconditionals="9" methods="1" coveredmethods="1" elements="39" coveredelements="39" complexity="0" loc="29" ncloc="29" packages="1" files="1" classes="1"/>
    <file name="fizzbuzz.js" path="C:\Users\Administrator\Documents\REPOS\fizzbuzz\fizzbuzz.js">
      <metrics statements="29" coveredstatements="29" conditionals="9" coveredconditionals="9" methods="1" coveredmethods="1"/>
      <line num="1" count="1" type="stmt"/>
      <line num="2" count="1" type="stmt"/>
      <line num="3" count="1" type="stmt"/>
      <line num="4" count="1" type="stmt"/>
      <line num="5" count="1" type="stmt"/>
      <line num="6" count="1" type="stmt"/>
      <line num="7" count="1" type="stmt"/>
      <line num="8" count="1" type="stmt"/>
      <line num="9" count="1" type="stmt"/>
      <line num="10" count="1" type="stmt"/>
      <line num="11" count="1" type="cond" truecount="1" falsecount="0"/>
      <line num="12" count="5" type="stmt"/>
      <line num="13" count="5" type="cond" truecount="1" falsecount="0"/>
      <line num="14" count="53" type="cond" truecount="2" falsecount="0"/>
      <line num="15" count="2" type="stmt"/>
      <line num="16" count="53" type="cond" truecount="2" falsecount="0"/>
      <line num="17" count="15" type="stmt"/>
      <line num="18" count="51" type="cond" truecount="2" falsecount="0"/>
      <line num="19" count="7" type="stmt"/>
      <line num="20" count="36" type="cond" truecount="1" falsecount="0"/>
      <line num="21" count="29" type="stmt"/>
      <line num="22" count="29" type="stmt"/>
      <line num="23" count="53" type="stmt"/>
      <line num="24" count="5" type="stmt"/>
      <line num="25" count="5" type="stmt"/>
      <line num="26" count="1" type="stmt"/>
      <line num="27" count="1" type="stmt"/>
      <line num="28" count="1" type="stmt"/>
      <line num="29" count="1" type="stmt"/>
    </file>
  </project>
</coverage>
