{"C:\\Users\\Administrator\\Documents\\REPOS\\fizzbuzz\\fizzbuzz.js": {"path":"C:\\Users\\Administrator\\Documents\\REPOS\\fizzbuzz\\fizzbuzz.js","all":false,"statementMap":{"0":{"start":{"line":1,"column":0},"end":{"line":1,"column":138}},"1":{"start":{"line":2,"column":0},"end":{"line":2,"column":0}},"2":{"start":{"line":3,"column":0},"end":{"line":3,"column":154}},"3":{"start":{"line":4,"column":0},"end":{"line":4,"column":0}},"4":{"start":{"line":5,"column":0},"end":{"line":5,"column":48}},"5":{"start":{"line":6,"column":0},"end":{"line":6,"column":48}},"6":{"start":{"line":7,"column":0},"end":{"line":7,"column":65}},"7":{"start":{"line":8,"column":0},"end":{"line":8,"column":70}},"8":{"start":{"line":9,"column":0},"end":{"line":9,"column":59}},"9":{"start":{"line":10,"column":0},"end":{"line":10,"column":0}},"10":{"start":{"line":11,"column":0},"end":{"line":11,"column":23}},"11":{"start":{"line":12,"column":0},"end":{"line":12,"column":18}},"12":{"start":{"line":13,"column":0},"end":{"line":13,"column":34}},"13":{"start":{"line":14,"column":0},"end":{"line":14,"column":37}},"14":{"start":{"line":15,"column":0},"end":{"line":15,"column":30}},"15":{"start":{"line":16,"column":0},"end":{"line":16,"column":29}},"16":{"start":{"line":17,"column":0},"end":{"line":17,"column":26}},"17":{"start":{"line":18,"column":0},"end":{"line":18,"column":29}},"18":{"start":{"line":19,"column":0},"end":{"line":19,"column":26}},"19":{"start":{"line":20,"column":0},"end":{"line":20,"column":12}},"20":{"start":{"line":21,"column":0},"end":{"line":21,"column":21}},"21":{"start":{"line":22,"column":0},"end":{"line":22,"column":5}},"22":{"start":{"line":23,"column":0},"end":{"line":23,"column":3}},"23":{"start":{"line":24,"column":0},"end":{"line":24,"column":16}},"24":{"start":{"line":25,"column":0},"end":{"line":25,"column":2}},"25":{"start":{"line":26,"column":0},"end":{"line":26,"column":0}},"26":{"start":{"line":27,"column":0},"end":{"line":27,"column":22}},"27":{"start":{"line":28,"column":0},"end":{"line":28,"column":0}},"28":{"start":{"line":29,"column":0},"end":{"line":29,"column":22}}},"s":{"0":1,"1":1,"2":1,"3":1,"4":1,"5":1,"6":1,"7":1,"8":1,"9":1,"10":1,"11":5,"12":5,"13":53,"14":2,"15":53,"16":15,"17":51,"18":7,"19":36,"20":29,"21":29,"22":53,"23":5,"24":5,"25":1,"26":1,"27":1,"28":1},"branchMap":{"0":{"type":"branch","line":11,"loc":{"start":{"line":11,"column":14},"end":{"line":25,"column":2}},"locations":[{"start":{"line":11,"column":14},"end":{"line":25,"column":2}}]},"1":{"type":"branch","line":13,"loc":{"start":{"line":13,"column":33},"end":{"line":23,"column":3}},"locations":[{"start":{"line":13,"column":33},"end":{"line":23,"column":3}}]},"2":{"type":"branch","line":14,"loc":{"start":{"line":14,"column":19},"end":{"line":14,"column":34}},"locations":[{"start":{"line":14,"column":19},"end":{"line":14,"column":34}}]},"3":{"type":"branch","line":14,"loc":{"start":{"line":14,"column":36},"end":{"line":16,"column":5}},"locations":[{"start":{"line":14,"column":36},"end":{"line":16,"column":5}}]},"4":{"type":"branch","line":16,"loc":{"start":{"line":16,"column":5},"end":{"line":22,"column":5}},"locations":[{"start":{"line":16,"column":5},"end":{"line":22,"column":5}}]},"5":{"type":"branch","line":16,"loc":{"start":{"line":16,"column":28},"end":{"line":18,"column":5}},"locations":[{"start":{"line":16,"column":28},"end":{"line":18,"column":5}}]},"6":{"type":"branch","line":18,"loc":{"start":{"line":18,"column":5},"end":{"line":22,"column":5}},"locations":[{"start":{"line":18,"column":5},"end":{"line":22,"column":5}}]},"7":{"type":"branch","line":18,"loc":{"start":{"line":18,"column":28},"end":{"line":20,"column":5}},"locations":[{"start":{"line":18,"column":28},"end":{"line":20,"column":5}}]},"8":{"type":"branch","line":20,"loc":{"start":{"line":20,"column":5},"end":{"line":22,"column":5}},"locations":[{"start":{"line":20,"column":5},"end":{"line":22,"column":5}}]}},"b":{"0":[5],"1":[53],"2":[17],"3":[2],"4":[51],"5":[15],"6":[36],"7":[7],"8":[29]},"fnMap":{"0":{"name":"fizz","decl":{"start":{"line":11,"column":14},"end":{"line":25,"column":2}},"loc":{"start":{"line":11,"column":14},"end":{"line":25,"column":2}},"line":11}},"f":{"0":5}}
}
